1: 3 4 8 15 16 21 26
2: 3 4 5 11 13 22 24
3: 1 2 7 10 12 25 28
4: 1 2 6 9 14 23 27
5: 2 6 7 18 20 21 26
6: 4 5 8 17 19 25 28
7: 3 5 8 17 19 23 27
8: 1 6 7 18 20 22 24
9: 4 15 19 20 21 24 28
10: 3 13 18 19 21 24 27
11: 2 12 18 19 21 25 27
12: 3 11 17 20 22 23 26
13: 2 10 17 20 23 26 28
14: 4 16 17 18 22 25 26
15: 1 9 17 18 22 25 27
16: 1 14 19 20 23 24 28
17: 6 7 12 13 14 15 21 24
18: 5 8 10 11 14 15 23 28
19: 6 7 9 10 11 16 22 26
20: 5 8 9 12 13 16 25 27
21: 1 5 9 10 11 17 22 23
22: 2 8 12 14 15 19 21 28
23: 4 7 12 13 16 18 21 25
24: 2 8 9 10 16 17 25 26
25: 3 6 11 14 15 20 23 24
26: 1 5 12 13 14 19 24 27
27: 4 7 10 11 15 20 26 28
28: 3 6 9 13 16 18 22 27

