5;150;1: 21 27 28
2: 22 24 36
3: 23 32 41
4: 25 42 46
5: 26 37 47
6: 29 38 51
7: 30 52 56
8: 31 33 57
9: 50 66 75
10: 44 49 69
11: 45 62 76
12: 60 63 72
13: 54 59 70
14: 55 67 71
15: 64 74 78
16: 68 73 77
17: 40 48 79
18: 39 53 65
19: 35 58 80
20: 34 43 61
21: 1 22 81
22: 2 21 82
23: 3 28 81
24: 2 37 81
25: 4 41 81
26: 5 46 81
27: 1 33 82
28: 1 23 83
29: 6 36 82
30: 7 51 82
31: 8 56 82
32: 3 43 83
33: 8 27 83
34: 20 80 83
35: 19 57 83
36: 2 29 84
37: 5 24 84
38: 6 53 84
39: 18 79 84
40: 17 47 84
41: 3 25 85
42: 4 49 85
43: 20 32 85
44: 10 76 85
45: 11 61 85
46: 4 26 86
47: 5 40 86
48: 17 66 86
49: 10 42 86
50: 9 69 86
51: 6 30 87
52: 7 59 87
53: 18 38 87
54: 13 71 87
55: 14 65 87
56: 7 31 88
57: 8 35 88
58: 19 63 88
59: 13 52 88
60: 12 70 88
61: 20 45 89
62: 11 78 89
63: 12 58 89
64: 15 72 89
65: 18 55 90
66: 9 48 90
67: 14 73 90
68: 16 75 90
69: 10 50 91
70: 13 60 92
71: 14 54 92
72: 12 64 92
73: 16 67 92
74: 15 77 92
75: 9 68 91
76: 11 44 91
77: 16 74 91
78: 15 62 91
79: 17 39 90
80: 19 34 89
81: 21 23 24 25 26
82: 22 27 29 30 31
83: 28 32 33 34 35
84: 36 37 38 39 40
85: 41 42 43 44 45
86: 46 47 48 49 50
87: 51 52 53 54 55
88: 56 57 58 59 60
89: 61 62 63 64 80
90: 65 66 67 68 79
91: 69 75 76 77 78
92: 70 71 72 73 74

5;170;1: 16 26 101
2: 17 27 101
3: 21 30 103
4: 20 29 103
5: 19 28 102
6: 18 31 102
7: 25 32 105
8: 24 34 105
9: 22 33 104
10: 23 35 104
11: 12 13 101
12: 11 14 103
13: 11 15 102
14: 12 15 105
15: 13 14 104
16: 1 17 56
17: 2 16 57
18: 6 19 65
19: 5 18 64
20: 4 21 59
21: 3 20 58
22: 9 23 63
23: 10 22 62
24: 8 25 61
25: 7 24 60
26: 1 36 68
27: 2 37 69
28: 5 41 70
29: 4 44 75
30: 3 45 73
31: 6 40 72
32: 7 43 74
33: 9 38 71
34: 8 42 67
35: 10 39 66
36: 26 56 78
37: 27 57 76
38: 33 63 81
39: 35 62 84
40: 31 65 82
41: 28 64 83
42: 34 61 85
43: 32 60 79
44: 29 59 80
45: 30 58 77
46: 48 69 76
47: 51 68 78
48: 46 70 83
49: 50 75 80
50: 49 74 79
51: 47 73 77
52: 53 72 82
53: 52 71 81
54: 55 67 85
55: 54 66 84
56: 16 36 91
57: 17 37 91
58: 21 45 92
59: 20 44 92
60: 25 43 93
61: 24 42 93
62: 23 39 95
63: 22 38 95
64: 19 41 94
65: 18 40 94
66: 35 55 90
67: 34 54 90
68: 26 47 86
69: 27 46 87
70: 28 48 87
71: 33 53 89
72: 31 52 89
73: 30 51 86
74: 32 50 88
75: 29 49 88
76: 37 46 96
77: 45 51 97
78: 36 47 97
79: 43 50 98
80: 44 49 98
81: 38 53 100
82: 40 52 100
83: 41 48 96
84: 39 55 99
85: 42 54 99
86: 68 73 101 103
87: 69 70 101 102
88: 74 75 103 105
89: 71 72 102 104
90: 66 67 104 105
91: 56 57 96 97
92: 58 59 97 98
93: 60 61 98 99
94: 64 65 96 100
95: 62 63 99 100
96: 76 83 91 94
97: 77 78 91 92
98: 79 80 92 93
99: 84 85 93 95
100: 81 82 94 95
101: 1 2 11 86 87
102: 5 6 13 87 89
103: 3 4 12 86 88
104: 9 10 15 89 90
105: 7 8 14 88 90

24;270;1: 37 43 79 92
2: 38 44 80 92
3: 40 45 81 92
4: 39 46 82 92
5: 41 47 84 92
6: 42 48 83 92
7: 61 67 79 85
8: 62 68 80 86
9: 64 69 81 87
10: 63 70 82 88
11: 66 72 83 90
12: 65 71 84 89
13: 25 67 73 79
14: 26 68 74 80
15: 27 69 75 81
16: 28 70 76 82
17: 30 71 77 84
18: 29 72 78 83
19: 49 55 73 85
20: 50 56 74 86
21: 51 57 75 87
22: 52 58 76 88
23: 53 60 78 90
24: 54 59 77 89
25: 13 49 67 73
26: 14 50 68 74
27: 15 51 69 75
28: 16 52 70 76
29: 18 53 72 78
30: 17 54 71 77
31: 43 55 79 85
32: 44 56 80 86
33: 45 57 81 87
34: 46 58 82 88
35: 47 59 84 89
36: 48 60 83 90
37: 1 61 79 87 92
38: 2 62 80 85 92
39: 4 63 82 86 92
40: 3 64 81 90 92
41: 5 65 84 88 92
42: 6 66 83 89 92
43: 1 31 79 85 92
44: 2 32 80 86 92
45: 3 33 81 87 92
46: 4 34 82 88 92
47: 5 35 84 89 92
48: 6 36 83 90 92
49: 19 25 67 73 85
50: 20 26 68 74 86
51: 21 27 69 75 87
52: 22 28 70 76 88
53: 23 29 72 78 90
54: 24 30 71 77 89
55: 19 31 73 79 85
56: 20 32 74 80 86
57: 21 33 75 81 87
58: 22 34 76 82 88
59: 24 35 77 84 89
60: 23 36 78 83 90
61: 7 37 79 85 87 91
62: 8 38 80 85 86 91
63: 10 39 82 86 88 91
64: 9 40 81 87 90 91
65: 12 41 84 88 89 91
66: 11 42 83 89 90 91
67: 7 13 25 49 79 85
68: 8 14 26 50 80 86
69: 9 15 27 51 81 87
70: 10 16 28 52 82 88
71: 12 17 30 54 84 89
72: 11 18 29 53 83 90
73: 13 19 25 49 55 79
74: 14 20 26 50 56 80
75: 15 21 27 51 57 81
76: 16 22 28 52 58 82
77: 17 24 30 54 59 84
78: 18 23 29 53 60 83
79: 1 7 13 31 37 43 55 61 67 73
80: 2 8 14 32 38 44 56 62 68 74
81: 3 9 15 33 40 45 57 64 69 75
82: 4 10 16 34 39 46 58 63 70 76
83: 6 11 18 36 42 48 60 66 72 78
84: 5 12 17 35 41 47 59 65 71 77
85: 7 19 31 38 43 49 55 61 62 67 91 92
86: 8 20 32 39 44 50 56 62 63 68 91 92
87: 9 21 33 37 45 51 57 61 64 69 91 92
88: 10 22 34 41 46 52 58 63 65 70 91 92
89: 12 24 35 42 47 54 59 65 66 71 91 92
90: 11 23 36 40 48 53 60 64 66 72 91 92
91: 61 62 63 64 65 66 85 86 87 88 89 90
92: 1 2 3 4 5 6 37 38 39 40 41 42 43 44 45 46 47 48 85 86 87 88 89 90

4;135;1: 131
2: 114
3: 115
4: 119
5: 120
6: 121
7: 129
8: 130
9: 118
10: 117
11: 116
12: 97
13: 98
14: 105
15: 101
16: 102
17: 104
18: 103
19: 96
20: 95
21: 100
22: 99
23: 52
24: 53
25: 54
26: 55
27: 56
28: 63
29: 64
30: 67
31: 65
32: 66
33: 61
34: 62
35: 59
36: 60
37: 57
38: 58
39: 68
40: 69
41: 70
42: 78
43: 81
44: 72
45: 88
46: 90
47: 89
48: 50
49: 51
50: 48 135
51: 49 135
52: 23 114
53: 24 115
54: 25 119
55: 26 120
56: 27 121
57: 37 122
58: 38 122
59: 35 123
60: 36 123
61: 33 124
62: 34 124
63: 28 127
64: 29 125
65: 31 126
66: 32 126
67: 30 125
68: 39 118
69: 40 116
70: 41 117
71: 93 128
72: 44 93
73: 92 109
74: 91 132
75: 76 128
76: 75 107
77: 78 134
78: 42 77
79: 82 113
80: 81 106
81: 43 80
82: 79 110
83: 84 108
84: 83 133
85: 88 127
86: 90 112
87: 89 111
88: 45 85
89: 47 87
90: 46 86
91: 74 92
92: 73 91
93: 71 72
94: 107 108 133
95: 20 107 130
96: 19 108 129
97: 12 98 113
98: 13 97 119
99: 22 105 131
100: 21 105 121
101: 15 102 131
102: 16 101 132
103: 18 104 120
104: 17 103 130
105: 14 99 100
106: 80 124 128
107: 76 94 95
108: 83 94 96
109: 73 113 127
110: 82 111 112
111: 87 110 126
112: 86 110 125
113: 79 97 109
114: 2 52 134
115: 3 53 131
116: 11 69 129
117: 10 70 129
118: 9 68 130
119: 4 54 98
120: 5 55 103
121: 6 56 100
122: 57 58 135
123: 59 60 134
124: 61 62 106
125: 64 67 112
126: 65 66 111
127: 63 85 109
128: 71 75 106
129: 7 96 116 117
130: 8 95 104 118
131: 1 99 101 115
132: 74 102 133 135
133: 84 94 132 134
134: 77 114 123 133
135: 50 51 122 132

4;124;1: 113
2: 113
3: 114
4: 114
5: 115
6: 115
7: 116
8: 116
9: 117
10: 117
11: 118
12: 118
13: 120
14: 120
15: 119
16: 119
17: 101
18: 101
19: 101
20: 103
21: 103
22: 103
23: 102
24: 102
25: 102
26: 104
27: 104
28: 104
29: 106
30: 106
31: 106
32: 105
33: 105
34: 105
35: 107
36: 107
37: 107
38: 109
39: 109
40: 109
41: 108
42: 108
43: 108
44: 110
45: 110
46: 110
47: 112
48: 112
49: 112
50: 111
51: 111
52: 111
53: 69 121
54: 70 121
55: 72 121
56: 71 121
57: 73 122
58: 74 123
59: 76 125
60: 75 124
61: 65 113
62: 66 114
63: 68 115
64: 67 116
65: 61 117
66: 62 118
67: 64 120
68: 63 119
69: 53 113
70: 54 114
71: 56 115
72: 55 116
73: 57 117
74: 58 118
75: 60 120
76: 59 119
77: 98 122
78: 99 122
79: 100 122
80: 95 123
81: 96 123
82: 97 123
83: 89 125
84: 90 125
85: 91 125
86: 92 124
87: 93 124
88: 94 124
89: 83 101
90: 84 102
91: 85 103
92: 86 104
93: 87 105
94: 88 106
95: 80 107
96: 81 108
97: 82 109
98: 77 110
99: 78 111
100: 79 112
101: 17 18 19 89
102: 23 24 25 90
103: 20 21 22 91
104: 26 27 28 92
105: 32 33 34 93
106: 29 30 31 94
107: 35 36 37 95
108: 41 42 43 96
109: 38 39 40 97
110: 44 45 46 98
111: 50 51 52 99
112: 47 48 49 100
113: 1 2 61 69
114: 3 4 62 70
115: 5 6 63 71
116: 7 8 64 72
117: 9 10 65 73
118: 11 12 66 74
119: 15 16 68 76
120: 13 14 67 75
121: 53 54 55 56
122: 57 77 78 79
123: 58 80 81 82
124: 60 86 87 88
125: 59 83 84 85

14;324;1: 4 21 110
2: 18 20 105 106
3: 19 107 108 109
4: 1 5 21 24 110
5: 4 12 24 26 110
6: 7 10 52 79 110
7: 6 8 52 60 110
8: 7 60 108 109 110
9: 17 22 23 69 110
10: 6 11 48 79 110
11: 10 12 48 101 110
12: 5 11 26 101 110
13: 14 68 72 75 109
14: 13 15 71 75 109
15: 14 19 66 71 109
16: 17 22 67 68 70
17: 9 16 22 69 70
18: 2 20 38 40 106
19: 3 15 66 107 109
20: 2 18 37 40 105
21: 1 4 23 24 25 110
22: 9 16 17 68 109 110
23: 9 21 25 69 102 110
24: 4 5 21 25 26 27
25: 21 23 24 27 102 104
26: 5 12 24 27 101 103
27: 24 25 26 100 103 104
28: 30 94 97 98 100 104
29: 30 95 96 99 100 103
30: 28 29 93 98 99 100
31: 33 89 90 91 93 99
32: 33 87 88 92 93 98
33: 31 32 86 91 92 93
34: 35 36 37 86 91 105
35: 34 36 37 41 44 85
36: 34 35 44 58 90 91
37: 20 34 35 40 85 105
38: 18 39 40 87 92 106
39: 38 40 83 84 85 87
40: 18 20 37 38 39 85
41: 35 44 45 46 83 85
42: 43 80 82 84 88 97
43: 42 46 81 82 83 84
44: 35 36 41 45 51 58
45: 41 44 46 49 50 51
46: 41 43 45 49 81 83
47: 48 77 78 79 95 96
48: 10 11 47 79 96 101
49: 45 46 50 55 56 81
50: 45 49 51 56 57 74
51: 44 45 50 57 58 59
52: 6 7 60 61 77 79
53: 54 59 61 76 77 78
54: 53 58 59 78 89 90
55: 49 56 72 73 75 81
56: 49 50 55 71 74 75
57: 50 51 59 62 74 76
58: 36 44 51 54 59 90
59: 51 53 54 57 58 76
60: 7 8 52 61 63 108
61: 52 53 60 63 76 77
62: 57 63 66 74 76 107
63: 60 61 62 76 107 108
64: 65 69 70 80 94 102
65: 64 67 70 73 80 82
66: 15 19 62 71 74 107
67: 16 65 68 70 72 73
68: 13 16 22 67 72 109
69: 9 17 23 64 70 102
70: 16 17 64 65 67 69
71: 14 15 56 66 74 75
72: 13 55 67 68 73 75
73: 55 65 67 72 81 82
74: 50 56 57 62 66 71
75: 13 14 55 56 71 72
76: 53 57 59 61 62 63
77: 47 52 53 61 78 79
78: 47 53 54 77 89 95
79: 6 10 47 48 52 77
80: 42 64 65 82 94 97
81: 43 46 49 55 73 82
82: 42 43 65 73 80 81
83: 39 41 43 46 84 85
84: 39 42 43 83 87 88
85: 35 37 39 40 41 83
86: 33 34 91 92 105 106
87: 32 38 39 84 88 92
88: 32 42 84 87 97 98
89: 31 54 78 90 95 99
90: 31 36 54 58 89 91
91: 31 33 34 36 86 90
92: 32 33 38 86 87 106
93: 30 31 32 33 98 99
94: 28 64 80 97 102 104
95: 29 47 78 89 96 99
96: 29 47 48 95 101 103
97: 28 42 80 88 94 98
98: 28 30 32 88 93 97
99: 29 30 31 89 93 95
100: 27 28 29 30 103 104
101: 11 12 26 48 96 103
102: 23 25 64 69 94 104
103: 26 27 29 96 100 101
104: 25 27 28 94 100 102
105: 2 20 34 37 86 106
106: 2 18 38 86 92 105
107: 3 19 62 63 66 108
108: 3 8 60 63 107 109
109: 3 8 13 14 15 19 22 68 108 110
110: 1 4 5 6 7 8 9 10 11 12 21 22 23 109

9;194;1: 98
2: 97
3: 80
4: 60
5: 29
6: 53
7: 54
8: 94
9: 96
10: 50
11: 59
12: 99
13: 57 95
14: 85 93
15: 18 76
16: 48 78
17: 74 79
18: 15 81
19: 20 81
20: 19 28
21: 69 89
22: 49 55
23: 71 96
24: 51 65
25: 64 85
26: 61 92
27: 59 62
28: 20 99
29: 5 80 98
30: 52 95 97
31: 71 90 93
32: 44 46 55
33: 39 81 91
34: 55 75 87
35: 64 70 75
36: 40 56 79
37: 73 80 87
38: 56 63 85
39: 33 62 69
40: 36 58 87
41: 72 95 100
42: 46 97 100
43: 66 82 100
44: 32 75 91 98
45: 74 82 90 98
46: 32 42 81 93
47: 65 78 84 97
48: 16 60 82 94
49: 22 57 68 73
50: 10 72 73 96
51: 24 57 72 86
52: 30 74 84 87
53: 6 66 69 85
54: 7 83 86 89
55: 22 32 34 70
56: 36 38 84 96
57: 13 49 51 64
58: 40 92 97 100
59: 11 27 94 100
60: 4 48 76 99
61: 26 73 85 99
62: 27 39 94 99
63: 38 68 86 90 98
64: 25 35 57 74 93
65: 24 47 77 84 93
66: 43 53 75 82 86
67: 69 70 73 80 97
68: 49 63 86 88 91
69: 21 39 53 67 78
70: 35 55 67 87 92
71: 23 31 72 74 88
72: 41 50 51 71 88
73: 37 49 50 61 67
74: 17 45 52 64 71
75: 34 35 44 66 83
76: 15 60 77 95 99
77: 65 76 82 96 100
78: 16 47 69 84 100
79: 17 36 83 96 99
80: 3 29 37 67 98 100
81: 18 19 33 46 85 95
82: 43 45 48 66 77 83
83: 54 75 79 82 89 91
84: 47 52 56 65 78 88
85: 14 25 38 53 61 81
86: 51 54 63 66 68 94
87: 34 37 40 52 70 89
88: 68 71 72 84 89 90
89: 21 54 83 87 88 94
90: 31 45 63 88 92 97
91: 33 44 68 83 92 96
92: 26 58 70 90 91 100
93: 14 31 46 64 65 99
94: 8 48 59 62 86 89 98
95: 13 30 41 76 81 98 99
96: 9 23 50 56 77 79 91
97: 2 30 42 47 58 67 90
98: 1 29 44 45 63 80 94 95
99: 12 28 60 61 62 76 79 93 95
100: 41 42 43 58 59 77 78 80 92

4;231;1: 229
2: 162
3: 163
4: 164
5: 165
6: 166
7: 223
8: 203
9: 191
10: 192
11: 193
12: 221
13: 200
14: 201
15: 202
16: 218
17: 219
18: 220
19: 222
20: 196
21: 199
22: 198
23: 197
24: 195
25: 194
26: 167
27: 179
28: 170
29: 177
30: 178
31: 173
32: 174
33: 176
34: 175
35: 172
36: 171
37: 169
38: 168
39: 87
40: 88
41: 92
42: 95
43: 96
44: 97
45: 98
46: 99
47: 100
48: 106
49: 109
50: 107
51: 108
52: 103
53: 104
54: 105
55: 110
56: 113
57: 111
58: 112
59: 114
60: 115
61: 116
62: 119
63: 117
64: 118
65: 120
66: 121
67: 122
68: 123
69: 101
70: 102
71: 124
72: 125
73: 126
74: 127
75: 128
76: 129
77: 90
78: 91
79: 137
80: 136
81: 147
82: 146
83: 149
84: 148
85: 151
86: 150
87: 39 229
88: 40 183
89: 180 216
90: 77 231
91: 78 231
92: 41 203
93: 181 205
94: 182 205
95: 42 191
96: 43 192
97: 44 193
98: 45 200
99: 46 201
100: 47 202
101: 69 204
102: 70 204
103: 52 215
104: 53 230
105: 54 230
106: 48 213
107: 50 214
108: 51 214
109: 49 213
110: 55 211
111: 57 212
112: 58 212
113: 56 211
114: 59 206
115: 60 206
116: 61 207
117: 63 208
118: 64 208
119: 62 207
120: 65 210
121: 66 210
122: 67 209
123: 68 209
124: 71 196
125: 72 199
126: 73 197
127: 74 198
128: 75 194
129: 76 195
130: 160 228
131: 160 190
132: 158 225
133: 159 226
134: 157 227
135: 156 189
136: 80 155
137: 79 159
138: 139 216
139: 138 184
140: 147 215
141: 146 224
142: 149 188
143: 148 187
144: 151 186
145: 150 185
146: 82 141
147: 81 140
148: 84 143
149: 83 142
150: 86 145
151: 85 144
152: 154 158
153: 154 155
154: 152 153
155: 136 153
156: 135 157
157: 134 156
158: 132 152
159: 133 137
160: 130 131
161: 180 181 182
162: 2 164 216
163: 3 165 227
164: 4 162 192
165: 5 163 166
166: 6 165 219
167: 26 200 226
168: 38 179 223
169: 37 177 223
170: 28 179 201
171: 36 178 203
172: 35 178 225
173: 31 174 190
174: 32 173 222
175: 34 176 202
176: 33 175 219
177: 29 169 218
178: 30 171 172
179: 27 168 170
180: 89 161 225
181: 93 161 227
182: 94 161 226
183: 88 189 215
184: 139 187 188
185: 145 214 228
186: 144 213 228
187: 143 184 212
188: 142 184 211
189: 135 183 190
190: 131 173 189
191: 9 95 229
192: 10 96 164
193: 11 97 223
194: 25 128 221
195: 24 129 221
196: 20 124 219
197: 23 126 222
198: 22 127 222
199: 21 125 224
200: 13 98 167
201: 14 99 170
202: 15 100 175
203: 8 92 171
204: 101 102 231
205: 93 94 220
206: 114 115 217
207: 116 119 217
208: 117 118 217
209: 122 123 224
210: 120 121 230
211: 110 113 188
212: 111 112 187
213: 106 109 186
214: 107 108 185
215: 103 140 183
216: 89 138 162
217: 206 207 208 228
218: 16 177 220 229
219: 17 166 176 196
220: 18 205 218 221
221: 12 194 195 220
222: 19 174 197 198
223: 7 168 169 193
224: 141 199 209 226
225: 132 172 180 231
226: 133 167 182 224
227: 134 163 181 230
228: 130 185 186 217
229: 1 87 191 218
230: 104 105 210 227
231: 90 91 204 225

7;127;1: 128
2: 127
3: 125
4: 126
5: 122
6: 121
7: 124
8: 123
9: 114
10: 113
11: 116
12: 115
13: 118
14: 117
15: 120
16: 119
17: 98
18: 97
19: 100
20: 99
21: 102
22: 101
23: 104
24: 103
25: 106
26: 105
27: 108
28: 107
29: 110
30: 109
31: 112
32: 111
33: 66
34: 65
35: 68
36: 67
37: 70
38: 69
39: 72
40: 71
41: 74
42: 73
43: 76
44: 75
45: 78
46: 77
47: 80
48: 79
49: 82
50: 81
51: 84
52: 83
53: 86
54: 85
55: 88
56: 87
57: 90
58: 89
59: 92
60: 91
61: 94
62: 93
63: 96
64: 95
65: 34 128
66: 33 127
67: 36 125
68: 35 126
69: 38 122
70: 37 121
71: 40 124
72: 39 123
73: 42 114
74: 41 113
75: 44 116
76: 43 115
77: 46 118
78: 45 117
79: 48 120
80: 47 119
81: 50 98
82: 49 97
83: 52 100
84: 51 99
85: 54 102
86: 53 101
87: 56 104
88: 55 103
89: 58 106
90: 57 105
91: 60 108
92: 59 107
93: 62 110
94: 61 109
95: 64 112
96: 63 111
97: 18 82 128
98: 17 81 127
99: 20 84 125
100: 19 83 126
101: 22 86 122
102: 21 85 121
103: 24 88 124
104: 23 87 123
105: 26 90 114
106: 25 89 113
107: 28 92 116
108: 27 91 115
109: 30 94 118
110: 29 93 117
111: 32 96 120
112: 31 95 119
113: 10 74 106 128
114: 9 73 105 127
115: 12 76 108 125
116: 11 75 107 126
117: 14 78 110 122
118: 13 77 109 121
119: 16 80 112 124
120: 15 79 111 123
121: 6 70 102 118 128
122: 5 69 101 117 127
123: 8 72 104 120 125
124: 7 71 103 119 126
125: 3 67 99 115 123 127
126: 4 68 100 116 124 128
127: 2 66 98 114 122 125 128
128: 1 65 97 113 121 126 127

15;495;1: 38 39 91 102 106
2: 41 42 94 98 99
3: 40 44 93 103 104
4: 37 43 89 95 105
5: 36 45 92 96 101
6: 35 46 90 97 100
7: 77 80 81 95 102 103
8: 82 83 85 104 105 106
9: 84 86 88 97 99 101
10: 78 79 87 96 98 100
11: 14 36 47 78 96 120
12: 20 39 70 83 106 119
13: 22 40 50 77 103 119
14: 11 37 53 80 95 130
15: 24 41 52 86 99 120
16: 17 38 49 80 102 128
17: 16 46 55 88 97 121
18: 33 42 51 87 98 121
19: 23 41 57 84 99 122
20: 12 35 56 78 100 122
21: 34 45 65 84 101 123
22: 13 35 69 79 100 123
23: 19 39 63 82 106 127
24: 15 37 61 77 95 127
25: 29 44 59 82 104 130
26: 31 45 67 88 101 124
27: 28 44 66 85 104 128
28: 27 46 60 86 97 125
29: 25 36 68 87 96 125
30: 32 43 64 85 105 126
31: 26 43 58 83 105 129
32: 30 42 48 79 98 124
33: 18 38 62 81 102 126
34: 21 40 54 81 103 129
35: 6 20 22 75 115 119
36: 5 11 29 71 111 130
37: 4 14 24 74 117 120
38: 1 16 33 73 116 121
39: 1 12 23 73 108 122
40: 3 13 34 72 109 123
41: 2 15 19 76 110 127
42: 2 18 32 76 113 126
43: 4 30 31 74 118 124
44: 3 25 27 72 112 125
45: 5 21 26 71 107 129
46: 6 17 28 75 114 128
47: 11 71 77 89 95 107 119
48: 32 76 83 89 105 110 119
49: 16 73 86 90 97 108 120
50: 13 72 78 90 100 112 120
51: 18 76 80 91 102 110 130
52: 15 76 80 89 95 113 128
53: 14 74 87 92 96 118 121
54: 34 72 88 92 101 112 121
55: 17 75 81 91 102 115 129
56: 20 75 82 91 106 114 130
57: 19 76 83 91 106 113 129
58: 31 74 84 92 101 117 122
59: 25 72 78 92 96 109 122
60: 28 75 82 93 104 115 127
61: 24 74 84 94 99 118 123
62: 33 73 79 94 98 108 123
63: 23 73 86 94 99 116 125
64: 30 74 87 94 98 117 125
65: 21 71 77 93 103 111 127
66: 27 72 88 90 97 109 124
67: 26 71 85 89 105 111 128
68: 29 71 85 93 104 107 126
69: 22 75 81 93 103 114 126
70: 12 73 79 90 100 116 124
71: 36 45 47 65 67 68 131
72: 40 44 50 54 59 66 132
73: 38 39 49 62 63 70 132
74: 37 43 53 58 61 64 132
75: 35 46 55 56 60 69 131
76: 41 42 48 51 52 57 131
77: 7 13 24 47 65 108 120 123
78: 10 11 20 50 59 110 119 130
79: 10 22 32 62 70 107 119 126
80: 7 14 16 51 52 112 120 121
81: 7 33 34 55 69 118 121 123
82: 8 23 25 56 60 117 122 125
83: 8 12 31 48 57 109 122 124
84: 9 19 21 58 61 115 127 129
85: 8 27 30 67 68 116 124 125
86: 9 15 28 49 63 111 127 128
87: 10 18 29 53 64 114 126 130
88: 9 17 26 54 66 113 128 129
89: 4 47 48 52 67 90 120 124
90: 6 49 50 66 70 89 119 128
91: 1 51 55 56 57 92 121 122
92: 5 53 54 58 59 91 129 130
93: 3 60 65 68 69 94 123 125
94: 2 61 62 63 64 93 126 127
95: 4 7 14 24 47 52 118 131
96: 5 10 11 29 53 59 107 132
97: 6 9 17 28 49 66 115 132
98: 2 10 18 32 62 64 110 132
99: 2 9 15 19 61 63 113 132
100: 6 10 20 22 50 70 114 132
101: 5 9 21 26 54 58 111 132
102: 1 7 16 33 51 55 108 131
103: 3 7 13 34 65 69 112 131
104: 3 8 25 27 60 68 109 131
105: 4 8 30 31 48 67 117 131
106: 1 8 12 23 56 57 116 131
107: 45 47 68 79 96 109 118 123 124
108: 39 49 62 77 102 110 115 119 127
109: 40 59 66 83 104 107 115 119 129
110: 41 48 51 78 98 108 117 120 122
111: 36 65 67 86 101 112 117 120 125
112: 44 50 54 80 103 111 114 128 130
113: 42 52 57 88 99 116 118 121 124
114: 46 56 69 87 100 112 116 121 125
115: 35 55 60 84 97 108 109 122 123
116: 38 63 70 85 106 113 114 126 128
117: 37 58 64 82 105 110 111 127 130
118: 43 53 61 81 95 107 113 126 129
119: 12 13 35 47 48 78 79 90 108 109 131
120: 11 15 37 49 50 77 80 89 110 111 132
121: 17 18 38 53 54 80 81 91 113 114 132
122: 19 20 39 58 59 82 83 91 110 115 132
123: 21 22 40 61 62 77 81 93 107 115 132
124: 26 32 43 66 70 83 85 89 107 113 132
125: 28 29 44 63 64 82 85 93 111 114 132
126: 30 33 42 68 69 79 87 94 116 118 131
127: 23 24 41 60 65 84 86 94 108 117 131
128: 16 27 46 52 67 86 88 90 112 116 131
129: 31 34 45 55 57 84 88 92 109 118 131
130: 14 25 36 51 56 78 87 92 112 117 131
131: 71 75 76 95 102 103 104 105 106 119 126 127 128 129 130
132: 72 73 74 96 97 98 99 100 101 120 121 122 123 124 125

3;127;1: 128
2: 127
3: 126
4: 125
5: 124
6: 123
7: 122
8: 121
9: 120
10: 119
11: 118
12: 117
13: 114
14: 113
15: 116
16: 115
17: 86
18: 85
19: 88
20: 87
21: 90
22: 89
23: 84
24: 83
25: 96
26: 95
27: 98
28: 97
29: 92
30: 91
31: 94
32: 93
33: 40 114
34: 39 113
35: 42 116
36: 41 115
37: 44 118
38: 43 117
39: 34 46
40: 33 45
41: 36 48
42: 35 47
43: 38 50
44: 37 49
45: 40 108
46: 39 107
47: 42 110
48: 41 109
49: 44 106
50: 43 105
51: 54 112
52: 53 111
53: 52 100
54: 51 99
55: 64 128
56: 63 127
57: 66 126
58: 65 125
59: 68 101
60: 67 102
61: 70 104
62: 69 103
63: 56 72
64: 55 71
65: 58 74
66: 57 73
67: 60 76
68: 59 75
69: 62 78
70: 61 77
71: 64 80
72: 63 79
73: 66 82
74: 65 81
75: 68 92
76: 67 91
77: 70 94
78: 69 93
79: 72 96
80: 71 95
81: 74 98
82: 73 97
83: 24 112
84: 23 111
85: 18 108
86: 17 107
87: 20 110
88: 19 109
89: 22 106
90: 21 105
91: 30 76
92: 29 75
93: 32 78
94: 31 77
95: 26 80
96: 25 79
97: 28 82
98: 27 81
99: 54 100 124
100: 53 99 123
101: 59 103 121
102: 60 104 122
103: 62 101 120
104: 61 102 119
105: 50 90 112
106: 49 89 111
107: 46 86 110
108: 45 85 109
109: 48 88 108
110: 47 87 107
111: 52 84 106
112: 51 83 105
113: 14 34 128
114: 13 33 127
115: 16 36 122
116: 15 35 121
117: 12 38 120
118: 11 37 119
119: 10 104 118
120: 9 103 117
121: 8 101 116
122: 7 102 115
123: 6 100 126
124: 5 99 125
125: 4 58 124
126: 3 57 123
127: 2 56 114
128: 1 55 113

5;131;1: 132
2: 98
3: 128
4: 111
5: 112
6: 118
7: 131
8: 126
9: 124
10: 123
11: 125
12: 127
13: 129
14: 130
15: 119
16: 122
17: 121
18: 120
19: 113
20: 114
21: 115
22: 117
23: 116
24: 99
25: 100
26: 101
27: 102
28: 103
29: 105
30: 104
31: 106
32: 107
33: 108
34: 110
35: 109
36: 80
37: 81
38: 82
39: 83
40: 84
41: 85
42: 86
43: 87
44: 88
45: 89
46: 90
47: 92
48: 91
49: 93
50: 94
51: 95
52: 97
53: 96
54: 58
55: 59
56: 61
57: 60
58: 54 132
59: 55 118
60: 57 126
61: 56 125
62: 81 128
63: 80 111
64: 82 112
65: 84 131
66: 85 124
67: 89 123
68: 90 127
69: 92 129
70: 91 130
71: 86 119
72: 87 122
73: 88 121
74: 83 120
75: 93 113
76: 94 114
77: 95 115
78: 97 117
79: 96 116
80: 36 63
81: 37 62
82: 38 64
83: 39 74
84: 40 65
85: 41 66
86: 42 71
87: 43 72
88: 44 73
89: 45 67
90: 46 68
91: 48 70
92: 47 69
93: 49 75
94: 50 76
95: 51 77
96: 53 79
97: 52 78
98: 2 118 132
99: 24 100 128
100: 25 99 112
101: 26 106 131
102: 27 107 124
103: 28 108 123
104: 30 110 129
105: 29 109 130
106: 31 101 113
107: 32 102 114
108: 33 103 115
109: 35 105 117
110: 34 104 116
111: 4 63 127
112: 5 64 100
113: 19 75 106
114: 20 76 107
115: 21 77 108
116: 23 79 110
117: 22 78 109
118: 6 59 98
119: 15 71 125 131
120: 18 74 124 126
121: 17 73 126 129
122: 16 72 123 125
123: 10 67 103 122
124: 9 66 102 120
125: 11 61 119 122
126: 8 60 120 121
127: 12 68 111 130 132
128: 3 62 99 129 132
129: 13 69 104 121 128
130: 14 70 105 127 131
131: 7 65 101 119 130
132: 1 58 98 127 128

4;128;1: 73
2: 72
3: 41 42
4: 43 44
5: 39 40
6: 38 101
7: 37 100
8: 49 50
9: 51 52
10: 47 48
11: 45 46
12: 35 36
13: 17 101
14: 17 101
15: 18 100
16: 18 100
17: 13 14
18: 15 16
19: 20 97
20: 19 93
21: 23 79
22: 34 88
23: 21 93
24: 33 92
25: 30 87
26: 29 91
27: 32 90
28: 31 89
29: 26 80
30: 25 81
31: 28 81
32: 27 80
33: 24 78
34: 22 77
35: 12 74
36: 12 74
37: 7 90
38: 6 89
39: 5 82
40: 5 82
41: 3 84
42: 3 84
43: 4 83
44: 4 83
45: 11 78
46: 11 78
47: 10 77
48: 10 77
49: 8 76
50: 8 76
51: 9 75
52: 9 75
53: 79 96
54: 79 86
55: 91 95
56: 74 86
57: 87 88
58: 85 92
59: 85 94
60: 76 81
61: 75 80
62: 65 101
63: 64 100
64: 63 67
65: 62 66
66: 65 69
67: 64 68
68: 67 71
69: 66 70
70: 69 73
71: 68 72
72: 2 71
73: 1 70
74: 35 36 56 95
75: 51 52 61 90
76: 49 50 60 89
77: 34 47 48 88
78: 33 45 46 92
79: 21 53 54 98
80: 29 32 61 90
81: 30 31 60 89
82: 39 40 85 92
83: 43 44 87 93
84: 41 42 91 94
85: 58 59 82 96
86: 54 56 95 98
87: 25 57 83 97
88: 22 57 77 97
89: 28 38 76 81
90: 27 37 75 80
91: 26 55 84 99
92: 24 58 78 82
93: 20 23 83 97
94: 59 84 96 99
95: 55 74 86 99
96: 53 85 94 98
97: 19 87 88 93
98: 79 86 96 99
99: 91 94 95 98
100: 7 15 16 63
101: 6 13 14 62

4;118;1: 128
2: 127
3: 126
4: 125
5: 124
6: 123
7: 122
8: 121
9: 120
10: 119
11: 118
12: 117
13: 116
14: 115
15: 114
16: 113
17: 80
18: 79
19: 82
20: 81
21: 84
22: 83
23: 86
24: 85
25: 88
26: 87
27: 90
28: 89
29: 92
30: 91
31: 94
32: 93
33: 96
34: 95
35: 42 118
36: 41 117
37: 44 116
38: 43 115
39: 46 114
40: 45 113
41: 36 44
42: 35 43
43: 38 42
44: 37 41
45: 40 46
46: 39 45
47: 50 64
48: 49 63
49: 48 66
50: 47 65
51: 54 68
52: 53 67
53: 52 70
54: 51 69
55: 72 106
56: 71 105
57: 74 108
58: 73 107
59: 76 110
60: 75 109
61: 78 112
62: 77 111
63: 48 97
64: 47 98
65: 50 100
66: 49 99
67: 52 102
68: 51 101
69: 54 104
70: 53 103
71: 56 97
72: 55 98
73: 58 100
74: 57 99
75: 60 102
76: 59 101
77: 62 104
78: 61 103
79: 18 128
80: 17 127
81: 20 126
82: 19 125
83: 22 124
84: 21 123
85: 24 122
86: 23 121
87: 26 120
88: 25 119
89: 28 106
90: 27 105
91: 30 108
92: 29 107
93: 32 110
94: 31 109
95: 34 112
96: 33 111
97: 63 71 125
98: 64 72 126
99: 66 74 116
100: 65 73 115
101: 68 76 128
102: 67 75 127
103: 70 78 118
104: 69 77 117
105: 56 90 120
106: 55 89 119
107: 58 92 122
108: 57 91 121
109: 60 94 124
110: 59 93 123
111: 62 96 114
112: 61 95 113
113: 16 40 112
114: 15 39 111
115: 14 38 100
116: 13 37 99
117: 12 36 104
118: 11 35 103
119: 10 88 106
120: 9 87 105
121: 8 86 108
122: 7 85 107
123: 6 84 110
124: 5 83 109
125: 4 82 97
126: 3 81 98
127: 2 80 102
128: 1 79 101

3;127;1: 84 125
2: 84 125
3: 83 126
4: 83 126
5: 81 127
6: 81 127
7: 82 128
8: 82 128
9: 87 121
10: 87 121
11: 88 122
12: 88 122
13: 85 123
14: 85 123
15: 86 124
16: 86 124
17: 91 118
18: 91 118
19: 89 120
20: 89 120
21: 90 119
22: 90 119
23: 92 117
24: 92 117
25: 93 115
26: 93 115
27: 94 116
28: 94 116
29: 95 113
30: 95 113
31: 96 114
32: 96 114
33: 68 105
34: 68 105
35: 67 106
36: 67 106
37: 66 108
38: 66 108
39: 65 107
40: 65 107
41: 72 109
42: 72 109
43: 71 110
44: 71 110
45: 69 112
46: 69 112
47: 70 111
48: 70 111
49: 75 97
50: 75 97
51: 76 98
52: 76 98
53: 73 100
54: 73 100
55: 74 99
56: 74 99
57: 80 101
58: 80 101
59: 79 102
60: 79 102
61: 77 104
62: 77 104
63: 78 103
64: 78 103
65: 39 40 125
66: 37 38 126
67: 35 36 128
68: 33 34 127
69: 45 46 121
70: 47 48 122
71: 43 44 124
72: 41 42 123
73: 53 54 118
74: 55 56 117
75: 49 50 120
76: 51 52 119
77: 61 62 113
78: 63 64 114
79: 59 60 116
80: 57 58 115
81: 5 6 105
82: 7 8 106
83: 3 4 108
84: 1 2 107
85: 13 14 109
86: 15 16 110
87: 9 10 112
88: 11 12 111
89: 19 20 97
90: 21 22 98
91: 17 18 100
92: 23 24 99
93: 25 26 101
94: 27 28 102
95: 29 30 104
96: 31 32 103
97: 49 50 89 125
98: 51 52 90 126
99: 55 56 92 128
100: 53 54 91 127
101: 57 58 93 121
102: 59 60 94 122
103: 63 64 96 124
104: 61 62 95 123
105: 33 34 81 118
106: 35 36 82 117
107: 39 40 84 120
108: 37 38 83 119
109: 41 42 85 113
110: 43 44 86 114
111: 47 48 88 116
112: 45 46 87 115
113: 29 30 77 109 125
114: 31 32 78 110 126
115: 25 26 80 112 128
116: 27 28 79 111 127
117: 23 24 74 106 121
118: 17 18 73 105 122
119: 21 22 76 108 124
120: 19 20 75 107 123
121: 9 10 69 101 117 125
122: 11 12 70 102 118 126
123: 13 14 72 104 120 128
124: 15 16 71 103 119 127
125: 1 2 65 97 113 121 126
126: 3 4 66 98 114 122 125
127: 5 6 68 100 116 124 128
128: 7 8 67 99 115 123 127

9;330;1: 4
2: 19 41
3: 18 40
4: 1 5 6
5: 4 17 91
6: 4 16 91
7: 46 47 91
8: 44 45 52
9: 20 21 81
10: 15 29 80
11: 14 28 79
12: 47 49 62
13: 46 48 61
14: 11 58 62
15: 10 57 61
16: 6 19 43
17: 5 18 42
18: 3 17 64
19: 2 16 63
20: 9 33 51 111
21: 9 32 51 110
22: 27 45 56 95
23: 26 44 55 94
24: 37 78 86 99
25: 36 77 85 98
26: 23 35 76 107
27: 22 34 75 106
28: 11 31 62 113
29: 10 30 61 112
30: 29 41 70 109
31: 28 40 69 108
32: 21 41 66 109
33: 20 40 65 108
34: 27 45 93 103
35: 26 44 92 102
36: 25 54 96 100
37: 24 53 97 101
38: 68 97 103 109
39: 67 96 102 108
40: 3 31 33 64
41: 2 30 32 63
42: 17 47 50 64 91
43: 16 46 50 63 91
44: 8 23 35 115 120
45: 8 22 34 114 120
46: 7 13 43 70 121
47: 7 12 42 69 121
48: 13 52 67 121 124
49: 12 52 68 121 125
50: 42 43 65 66 121
51: 20 21 65 66 129
52: 8 48 49 114 115
53: 37 58 78 117 119
54: 36 57 77 116 118
55: 23 58 76 115 119
56: 22 57 75 114 118
57: 15 54 56 80 124
58: 14 53 55 79 125
59: 73 74 88 118 119
60: 71 72 83 84 87
61: 13 15 29 70 124
62: 12 14 28 69 125
63: 19 41 43 66 70
64: 18 40 42 65 69
65: 33 50 51 64 123
66: 32 50 51 63 122
67: 39 48 115 116 123
68: 38 49 114 117 122
69: 31 47 62 64 123
70: 30 46 61 63 122
71: 60 73 88 90 106
72: 60 74 88 89 107
73: 59 71 87 101 128
74: 59 72 87 100 127
75: 27 56 80 103 128
76: 26 55 79 102 127
77: 25 54 80 105 128
78: 24 53 79 104 127
79: 11 58 76 78 113
80: 10 57 75 77 112
81: 9 85 86 110 111
82: 83 84 92 93 126
83: 60 82 90 99 107
84: 60 82 89 98 106
85: 25 81 96 105 126
86: 24 81 97 104 126
87: 60 73 74 98 99
88: 59 71 72 94 95
89: 72 84 92 95 100
90: 71 83 93 94 101
91: 5 6 7 42 43
92: 35 82 89 107 120 131
93: 34 82 90 106 120 130
94: 23 88 90 107 119 120
95: 22 88 89 106 118 120
96: 36 39 85 111 116 131
97: 37 38 86 110 117 130
98: 25 84 87 100 126 128
99: 24 83 87 101 126 127
100: 36 74 89 98 118 131
101: 37 73 90 99 119 130
102: 35 39 76 113 115 131
103: 34 38 75 112 114 130
104: 78 86 111 113 117 131
105: 77 85 110 112 116 130
106: 27 71 84 93 95 128
107: 26 72 83 92 94 127
108: 31 33 39 111 113 123
109: 30 32 38 110 112 122
110: 21 81 97 105 109 129
111: 20 81 96 104 108 129
112: 29 80 103 105 109 124
113: 28 79 102 104 108 125
114: 45 52 56 68 103 124 132
115: 44 52 55 67 102 125 132
116: 54 67 96 105 124 129 132
117: 53 68 97 104 125 129 132
118: 54 56 59 95 100 128 132
119: 53 55 59 94 101 127 132
120: 44 45 92 93 94 95 132
121: 46 47 48 49 50 122 123
122: 66 68 70 109 121 124 129
123: 65 67 69 108 121 125 129
124: 48 57 61 112 114 116 122
125: 49 58 62 113 115 117 123
126: 82 85 86 98 99 130 131
127: 74 76 78 99 107 119 131
128: 73 75 77 98 106 118 130
129: 51 110 111 116 117 122 123
130: 93 97 101 103 105 126 128 132
131: 92 96 100 102 104 126 127 132
132: 114 115 116 117 118 119 120 130 131

14;131;1: 132
2: 132
3: 132
4: 132
5: 132
6: 132
7: 132
8: 132
9: 132
10: 132
11: 132
12: 132
13: 132
14: 126
15: 111
16: 111
17: 111
18: 114
19: 131
20: 131
21: 130
22: 130
23: 130
24: 130
25: 130
26: 130
27: 129
28: 129
29: 129
30: 129
31: 129
32: 129
33: 127
34: 128
35: 128
36: 128
37: 128
38: 128
39: 128
40: 127
41: 127
42: 127
43: 127
44: 127
45: 125
46: 125
47: 125
48: 125
49: 125
50: 124
51: 124
52: 124
53: 124
54: 124
55: 123
56: 123
57: 123
58: 123
59: 122
60: 122
61: 122
62: 122
63: 119
64: 119
65: 119
66: 119
67: 120
68: 121
69: 121
70: 121
71: 121
72: 120
73: 120
74: 120
75: 117
76: 117
77: 118
78: 118
79: 113
80: 113
81: 113
82: 112
83: 112
84: 112
85: 104
86: 104
87: 108
88: 108
89: 107
90: 107
91: 99
92: 100
93: 100
94: 99
95: 101
96: 102
97: 102
98: 101
99: 91 94 116
100: 92 93 116
101: 95 98 115
102: 96 97 115
103: 104 111 126
104: 85 86 103
105: 109 114 116
106: 110 114 115
107: 89 90 109
108: 87 88 110
109: 105 107 112
110: 106 108 113
111: 15 16 17 103
112: 82 83 84 109
113: 79 80 81 110
114: 18 105 106 126
115: 101 102 106 125
116: 99 100 105 124
117: 75 76 122 126 129
118: 77 78 123 126 130
119: 63 64 65 66 131
120: 67 72 73 74 131
121: 68 69 70 71 131
122: 59 60 61 62 117
123: 55 56 57 58 118
124: 50 51 52 53 54 116
125: 45 46 47 48 49 115
126: 14 103 114 117 118 131
127: 33 40 41 42 43 44 131
128: 34 35 36 37 38 39 131
129: 27 28 29 30 31 32 117
130: 21 22 23 24 25 26 118
131: 19 20 119 120 121 126 127 128 132
132: 1 2 3 4 5 6 7 8 9 10 11 12 13 131

9;330;1: 86 88 111
2: 53 85 124
3: 54 84 125
4: 52 80 110
5: 10 87 88
6: 8 81 88
7: 11 112 124
8: 6 113 126
9: 12 83 126
10: 5 78 125
11: 7 79 104
12: 9 82 105
13: 14 54 107
14: 13 108 112
15: 16 109 113
16: 15 53 106
17: 38 85 113 132
18: 28 29 78 132
19: 25 26 83 132
20: 27 84 112 132
21: 36 86 126 131
22: 35 46 109 131
23: 50 63 80 131
24: 40 110 122 124
25: 19 39 43 124
26: 19 39 82 130
27: 20 33 79 130
28: 18 31 32 130
29: 18 32 87 126
30: 31 32 77 87
31: 28 30 78 119
32: 28 29 30 105
33: 27 48 84 119
34: 51 72 108 122
35: 22 47 66 116
36: 21 49 105 116
37: 59 101 111 125
38: 17 41 81 125
39: 25 26 42 104
40: 24 70 96 104
41: 38 44 85 107
42: 39 43 67 82
43: 25 42 83 106
44: 41 62 64 81
45: 50 64 73 80
46: 22 47 106 110
47: 35 46 67 70
48: 33 68 79 94
49: 36 77 86 98
50: 23 45 76 111
51: 34 59 73 107
52: 4 53 93 103
53: 2 16 52 62
54: 3 13 68 102
55: 56 101 122 131 132
56: 55 57 96 116 130
57: 56 60 98 101 119
58: 71 91 92 94 100
59: 37 51 74 97 102
60: 57 71 94 96 97
61: 69 72 103 108 121
62: 44 53 85 103 113
63: 23 76 103 113 127
64: 44 45 69 76 103
65: 67 70 93 100 104
66: 35 67 82 109 117
67: 42 47 65 66 106
68: 48 54 84 112 120
69: 61 64 73 75 107
70: 40 47 65 99 110
71: 58 60 95 98 99
72: 34 61 73 80 115
73: 45 51 69 72 74
74: 59 73 75 95 111
75: 69 74 90 92 102
76: 50 63 64 81 90
77: 30 49 89 91 105
78: 10 18 31 87 128
79: 11 27 48 112 118
80: 4 23 45 72 103
81: 6 38 44 76 113
82: 12 26 42 66 83
83: 9 19 43 82 109
84: 3 20 33 68 128
85: 2 17 41 62 108
86: 1 21 49 89 114
87: 5 29 30 78 89
88: 1 5 6 89 90
89: 77 86 87 88 123 126
90: 75 76 88 111 123 125
91: 58 77 98 117 119 123
92: 58 75 95 120 121 123
93: 52 65 106 110 121 124
94: 48 58 60 118 119 120
95: 71 74 92 97 114 115
96: 40 56 60 99 118 122
97: 59 60 95 101 120 122
98: 49 57 71 91 114 116
99: 70 71 96 100 115 116
100: 58 65 99 117 118 121
101: 37 55 57 97 114 128
102: 54 59 75 107 120 125
103: 52 61 62 63 64 80
104: 11 39 40 65 118 124
105: 12 32 36 77 117 126
106: 16 43 46 67 93 109
107: 13 41 51 69 102 108
108: 14 34 61 85 107 129
109: 15 22 66 83 106 127
110: 4 24 46 70 93 115
111: 1 37 50 74 90 114
112: 7 14 20 68 79 129
113: 8 15 17 62 63 81
114: 86 95 98 101 111 123 131
115: 72 95 99 110 121 122 131
116: 35 36 56 98 99 117 131
117: 66 91 100 105 116 127 130
118: 79 94 96 100 104 129 130
119: 31 33 57 91 94 128 130
120: 68 92 94 97 102 128 129
121: 61 92 93 100 115 127 129
122: 24 34 55 96 97 115 129
123: 89 90 91 92 114 127 128
124: 2 7 24 25 93 104 129
125: 3 10 37 38 90 102 128
126: 8 9 21 29 89 105 127
127: 63 109 117 121 123 126 131 132
128: 78 84 101 119 120 123 125 132
129: 108 112 118 120 121 122 124 132
130: 26 27 28 56 117 118 119 132
131: 21 22 23 55 114 115 116 127
132: 17 18 19 20 55 127 128 129 130

4;233;1: 106
2: 105
3: 102
4: 101
5: 104
6: 103
7: 94
8: 93
9: 71 111
10: 70 111
11: 16 44
12: 15 43
13: 18 42
14: 17 41
15: 12 38
16: 11 37
17: 14 40
18: 13 39
19: 33 34
20: 35 36
21: 24 46
22: 23 45
23: 22 32
24: 21 31
25: 27 28
26: 29 30
27: 25 110
28: 25 110
29: 26 109
30: 26 109
31: 24 110
32: 23 109
33: 19 108
34: 19 108
35: 20 107
36: 20 107
37: 16 108
38: 15 107
39: 18 108
40: 17 107
41: 14 106
42: 13 105
43: 12 104
44: 11 103
45: 22 102
46: 21 101
47: 48 49
48: 47 50
49: 47 51
50: 48 52
51: 49 53
52: 50 61
53: 51 60
54: 56 57
55: 58 59
56: 54 62
57: 54 63
58: 55 64
59: 55 65
60: 53 67
61: 52 66
62: 56 76
63: 57 77
64: 58 78
65: 59 79
66: 61 81
67: 60 80
68: 71 110
69: 70 109
70: 10 69
71: 9 68
72: 99 102
73: 100 101
74: 99 104
75: 100 103
76: 62 98
77: 63 98
78: 64 97
79: 65 97
80: 67 96
81: 66 95
82: 95 96
83: 86 106
84: 85 105
85: 84 88
86: 83 87
87: 86 90
88: 85 89
89: 88 92
90: 87 91
91: 90 94
92: 89 93
93: 8 92
94: 7 91
95: 81 82 111
96: 80 82 111
97: 78 79 99
98: 76 77 100
99: 72 74 97
100: 73 75 98
101: 4 46 73
102: 3 45 72
103: 6 44 75
104: 5 43 74
105: 2 42 84
106: 1 41 83
107: 35 36 38 40
108: 33 34 37 39
109: 29 30 32 69
110: 27 28 31 68
111: 9 10 95 96

7;190;1: 202
2: 201
3: 200
4: 199
5: 194
6: 193
7: 196
8: 195
9: 198
10: 197
11: 192
12: 191
13: 190
14: 173
15: 172
16: 21 89
17: 20 88
18: 21 91
19: 20 90
20: 17 19
21: 16 18
22: 31 83
23: 30 82
24: 33 81
25: 32 80
26: 35 85
27: 34 84
28: 37 87
29: 36 86
30: 23 73
31: 22 72
32: 25 75
33: 24 74
34: 27 65
35: 26 64
36: 29 67
37: 28 66
38: 56 57
39: 58 59
40: 60 61
41: 62 63
42: 68 69
43: 70 71
44: 49 77
45: 48 76
46: 51 79
47: 50 78
48: 45 214
49: 44 213
50: 47 214
51: 46 213
52: 55 212
53: 54 211
54: 53 209
55: 52 210
56: 38 204
57: 38 204
58: 39 203
59: 39 203
60: 40 206
61: 40 206
62: 41 205
63: 41 205
64: 35 204
65: 34 203
66: 37 206
67: 36 205
68: 42 208
69: 42 208
70: 43 207
71: 43 207
72: 31 208
73: 30 207
74: 33 208
75: 32 207
76: 45 204
77: 44 203
78: 47 206
79: 46 205
80: 25 202
81: 24 201
82: 23 198
83: 22 197
84: 27 194
85: 26 193
86: 29 196
87: 28 195
88: 17 192
89: 16 192
90: 19 191
91: 18 190
92: 191 209
93: 190 210
94: 96 97
95: 98 99
96: 94 100
97: 94 101
98: 95 102
99: 95 103
100: 96 106
101: 97 107
102: 98 108
103: 99 109
104: 121 209
105: 120 210
106: 100 117
107: 101 116
108: 102 119
109: 103 118
110: 112 113
111: 114 115
112: 110 130
113: 110 131
114: 111 132
115: 111 133
116: 107 125
117: 106 124
118: 109 127
119: 108 126
120: 105 129
121: 104 128
122: 159 209
123: 158 210
124: 117 149
125: 116 148
126: 119 151
127: 118 150
128: 121 157
129: 120 156
130: 112 152
131: 113 153
132: 114 154
133: 115 155
134: 179 212
135: 179 211
136: 180 212
137: 180 211
138: 181 200
139: 181 199
140: 183 196
141: 182 195
142: 183 198
143: 182 197
144: 185 200
145: 184 199
146: 185 194
147: 184 193
148: 125 175
149: 124 174
150: 127 177
151: 126 176
152: 130 189
153: 131 189
154: 132 188
155: 133 188
156: 129 187
157: 128 186
158: 123 187
159: 122 186
160: 174 175
161: 176 177
162: 165 202
163: 164 201
164: 163 167
165: 162 166
166: 165 169
167: 164 168
168: 167 171
169: 166 170
170: 169 173
171: 168 172
172: 15 171
173: 14 170
174: 149 160 214
175: 148 160 214
176: 151 161 213
177: 150 161 213
178: 179 211 212
179: 134 135 178
180: 136 137 181
181: 138 139 180
182: 141 143 189
183: 140 142 188
184: 145 147 187
185: 144 146 186
186: 157 159 185
187: 156 158 184
188: 154 155 183
189: 152 153 182
190: 13 91 93
191: 12 90 92
192: 11 88 89
193: 6 85 147
194: 5 84 146
195: 8 87 141
196: 7 86 140
197: 10 83 143
198: 9 82 142
199: 4 139 145
200: 3 138 144
201: 2 81 163
202: 1 80 162
203: 58 59 65 77
204: 56 57 64 76
205: 62 63 67 79
206: 60 61 66 78
207: 70 71 73 75
208: 68 69 72 74
209: 54 92 104 122
210: 55 93 105 123
211: 53 135 137 178
212: 52 134 136 178
213: 49 51 176 177
214: 48 50 174 175

3;90;1: 84
2: 83
3: 82
4: 87
5: 90
6: 90
7: 85
8: 86
9: 88
10: 88
11: 89
12: 89
13: 78
14: 79
15: 81
16: 80
17: 69
18: 70
19: 72
20: 71
21: 77 78
22: 73 77
23: 24 83
24: 23 61
25: 26 54
26: 25 27
27: 26 28
28: 27 29
29: 28 30
30: 29 55
31: 32 49
32: 31 33
33: 32 34
34: 33 35
35: 34 36
36: 35 37
37: 36 38
38: 37 39
39: 38 88
40: 41 44
41: 40 42
42: 41 43
43: 42 89
44: 40 48
45: 47 65
46: 62 90
47: 45 64
48: 44 63
49: 31 51
50: 53 67
51: 49 52
52: 51 60
53: 50 59
54: 25 78
55: 30 79
56: 79 85
57: 81 87
58: 68 80
59: 53 81
60: 52 80
61: 24 75
62: 46 76
63: 48 76
64: 47 76
65: 45 74
66: 75 86
67: 50 75
68: 58 74
69: 17 77
70: 18 87
71: 20 85
72: 19 86
73: 22 82 83
74: 65 68 84
75: 61 66 67
76: 62 63 64
77: 21 22 69
78: 13 21 54
79: 14 55 56
80: 16 58 60
81: 15 57 59
82: 3 73 84
83: 2 23 73
84: 1 74 82
85: 7 56 71
86: 8 66 72
87: 4 57 70
88: 9 10 39
89: 11 12 43
90: 5 6 46

3;126;1: 2 3 4
2: 1 83 84
3: 1 82 84
4: 1 81 83
5: 6 7 10
6: 5 8 9
7: 5 9 11
8: 6 10 12
9: 6 7 16
10: 5 8 15
11: 7 14 16
12: 8 13 15
13: 12 18 20
14: 11 17 19
15: 10 12 18
16: 9 11 17
17: 14 16 24
18: 13 15 23
19: 14 22 24
20: 13 21 23
21: 20 26 28
22: 19 25 27
23: 18 20 26
24: 17 19 25
25: 22 24 32
26: 21 23 31
27: 22 30 32
28: 21 29 31
29: 28 34 36
30: 27 33 35
31: 26 28 34
32: 25 27 33
33: 30 32 40
34: 29 31 39
35: 30 38 40
36: 29 37 39
37: 36 42 44
38: 35 41 43
39: 34 36 42
40: 33 35 41
41: 38 40 48
42: 37 39 47
43: 38 46 48
44: 37 45 47
45: 44 50 52
46: 43 49 51
47: 42 44 50
48: 41 43 49
49: 46 48 56
50: 45 47 55
51: 46 54 56
52: 45 53 55
53: 52 58 60
54: 51 57 59
55: 50 52 58
56: 49 51 57
57: 54 56 64
58: 53 55 63
59: 54 62 64
60: 53 61 63
61: 60 66 68
62: 59 65 67
63: 58 60 66
64: 57 59 65
65: 62 64 72
66: 61 63 71
67: 62 70 72
68: 61 69 71
69: 68 74 76
70: 67 73 75
71: 66 68 74
72: 65 67 73
73: 70 72 80
74: 69 71 79
75: 70 78 80
76: 69 77 79
77: 76 82 84
78: 75 81 83
79: 74 76 82
80: 73 75 81
81: 4 78 80
82: 3 77 79
83: 2 4 78
84: 2 3 77