1: 2 3 4
2: 1 203 204
3: 1 206 207
4: 1 205 208
5: 17 18 56
6: 15 60 61
7: 21 59 62
8: 13 55 58
9: 11 12 120
10: 20 118 119
11: 9 32 145
12: 9 31 144
13: 8 30 36
14: 29 38 88
15: 6 26 37
16: 29 39 40
17: 5 23 89
18: 5 24 86
19: 25 35 87
20: 10 27 28
21: 7 31 32
22: 23 24 25
23: 17 22 54
24: 18 22 53
25: 19 22 52
26: 15 47 64
27: 20 49 123
28: 20 48 122
29: 14 16 51
30: 13 50 65
31: 12 21 46
32: 11 21 45
33: 41 42 121
34: 48 49 63
35: 19 47 54
36: 13 52 53
37: 15 44 51
38: 14 43 50
39: 16 42 43
40: 16 41 44
41: 33 40 85
42: 33 39 84
43: 38 39 82
44: 37 40 83
45: 32 81 147
46: 31 80 146
47: 26 35 72
48: 28 34 74
49: 27 34 73
50: 30 38 79
51: 29 37 78
52: 25 36 77
53: 24 36 76
54: 23 35 75
55: 8 67 77
56: 5 66 70
57: 69 71 140
58: 8 68 79
59: 7 70 81
60: 6 71 72
61: 6 69 78
62: 7 66 80
63: 34 67 68
64: 26 75 83
65: 30 76 82
66: 56 62 99
67: 55 63 102
68: 58 63 103
69: 57 61 94
70: 56 59 100
71: 57 60 91
72: 47 60 92
73: 49 103 125
74: 48 102 124
75: 54 64 101
76: 53 65 98
77: 52 55 90
78: 51 61 95
79: 50 58 93
80: 46 62 97
81: 45 59 96
82: 43 65 105
83: 44 64 104
84: 42 105 127
85: 41 104 126
86: 18 98 99
87: 19 90 92
88: 14 93 95
89: 17 100 101
90: 77 87 106
91: 71 107 148
92: 72 87 107
93: 79 88 108
94: 69 109 149
95: 78 88 109
96: 81 110 150
97: 80 113 151
98: 76 86 111
99: 66 86 113
100: 70 89 110
101: 75 89 112
102: 67 74 106
103: 68 73 108
104: 83 85 112
105: 82 84 111
106: 90 102 114
107: 91 92 114
108: 93 103 115
109: 94 95 115
110: 96 100 117
111: 98 105 116
112: 101 104 117
113: 97 99 116
114: 106 107 136
115: 108 109 137
116: 111 113 138
117: 110 112 139
118: 10 133 135
119: 10 132 134
120: 9 134 135
121: 33 128 129
122: 28 131 133
123: 27 130 132
124: 74 131 136
125: 73 130 137
126: 85 129 139
127: 84 128 138
128: 121 127 169
129: 121 126 168
130: 123 125 163
131: 122 124 162
132: 119 123 167
133: 118 122 166
134: 119 120 165
135: 118 120 164
136: 114 124 158
137: 115 125 161
138: 116 127 159
139: 117 126 160
140: 57 152 153
141: 168 169 191
142: 163 167 192
143: 162 166 193
144: 12 157 165
145: 11 156 164
146: 46 155 157
147: 45 154 156
148: 91 152 158
149: 94 153 161
150: 96 154 160
151: 97 155 159
152: 140 148 177
153: 140 149 173
154: 147 150 178
155: 146 151 175
156: 145 147 176
157: 144 146 174
158: 136 148 179
159: 138 151 181
160: 139 150 182
161: 137 149 180
162: 131 143 179
163: 130 142 180
164: 135 145 184
165: 134 144 183
166: 133 143 184
167: 132 142 183
168: 129 141 182
169: 128 141 181
170: 173 177 200
171: 176 178 202
172: 174 175 201
173: 153 170 185
174: 157 172 190
175: 155 172 189
176: 156 171 186
177: 152 170 188
178: 154 171 187
179: 158 162 188
180: 161 163 185
181: 159 169 189
182: 160 168 187
183: 165 167 190
184: 164 166 186
185: 173 180 194
186: 176 184 196
187: 178 182 197
188: 177 179 198
189: 175 181 199
190: 174 183 195
191: 141 197 199
192: 142 194 195
193: 143 196 198
194: 185 192 203
195: 190 192 204
196: 186 193 205
197: 187 191 206
198: 188 193 208
199: 189 191 207
200: 170 203 208
201: 172 204 207
202: 171 205 206
203: 2 194 200
204: 2 195 201
205: 4 196 202
206: 3 197 202
207: 3 199 201
208: 4 198 200

